2025-07-28 08:48:17,578 ERROR: Failed to load logs: (1054, "Unknown column 'user_email' in 'field list'") [in c:\Users\PC\Desktop\CyberSystem\SchoolApplication\app.py:310]
2025-07-28 09:56:56,851 ERROR: Failed to load logs: (1054, "Unknown column 'log_level' in 'field list'") [in c:\Users\PC\Desktop\CyberSystem\SchoolApplication\app.py:310]
2025-07-28 09:59:56,880 ERROR: Failed to load logs: (1054, "Unknown column 'log_level' in 'field list'") [in c:\Users\PC\Desktop\CyberSystem\SchoolApplication\app.py:310]
2025-07-28 10:00:02,540 ERROR: Failed to load logs: (1054, "Unknown column 'log_level' in 'field list'") [in c:\Users\PC\Desktop\CyberSystem\SchoolApplication\app.py:310]
2025-07-28 10:12:51,361 ERROR: Failed to load logs: (1054, "Unknown column 'log_level' in 'field list'") [in c:\Users\PC\Desktop\CyberSystem\SchoolApplication\app.py:299]
2025-07-28 10:16:46,118 ERROR: Failed to load logs: (1054, "Unknown column 'log_message' in 'field list'") [in c:\Users\PC\Desktop\CyberSystem\SchoolApplication\app.py:299]
2025-07-28 10:16:47,504 ERROR: Failed to load logs: (1054, "Unknown column 'log_message' in 'field list'") [in c:\Users\PC\Desktop\CyberSystem\SchoolApplication\app.py:299]
2025-07-28 10:17:45,597 ERROR: Failed to load logs: (1054, "Unknown column 'endpoint' in 'field list'") [in c:\Users\PC\Desktop\CyberSystem\SchoolApplication\app.py:299]
2025-07-28 10:17:46,703 ERROR: Failed to load logs: (1054, "Unknown column 'endpoint' in 'field list'") [in c:\Users\PC\Desktop\CyberSystem\SchoolApplication\app.py:299]
2025-07-28 10:18:25,844 ERROR: Failed to load logs: (1054, "Unknown column 'email' in 'field list'") [in c:\Users\PC\Desktop\CyberSystem\SchoolApplication\app.py:299]
2025-07-29 08:59:19,862 DEBUG: Checking inactivity for endpoint logout [in c:\Users\PC\Desktop\CyberSystem\SchoolApplication\app.py:83]
2025-07-29 08:59:19,864 DEBUG: Skipping inactivity check for public route [in c:\Users\PC\Desktop\CyberSystem\SchoolApplication\app.py:85]
2025-07-29 08:59:19,933 DEBUG: Checking inactivity for endpoint login [in c:\Users\PC\Desktop\CyberSystem\SchoolApplication\app.py:83]
2025-07-29 08:59:19,939 DEBUG: Skipping inactivity check for public route [in c:\Users\PC\Desktop\CyberSystem\SchoolApplication\app.py:85]
2025-07-29 08:59:20,298 DEBUG: Checking inactivity for endpoint static [in c:\Users\PC\Desktop\CyberSystem\SchoolApplication\app.py:83]
2025-07-29 08:59:20,300 DEBUG: Skipping inactivity check for public route [in c:\Users\PC\Desktop\CyberSystem\SchoolApplication\app.py:85]
2025-07-29 08:59:20,302 DEBUG: Checking inactivity for endpoint static [in c:\Users\PC\Desktop\CyberSystem\SchoolApplication\app.py:83]
2025-07-29 08:59:20,303 DEBUG: Skipping inactivity check for public route [in c:\Users\PC\Desktop\CyberSystem\SchoolApplication\app.py:85]
2025-07-29 08:59:31,212 DEBUG: Checking inactivity for endpoint login [in c:\Users\PC\Desktop\CyberSystem\SchoolApplication\app.py:83]
2025-07-29 08:59:31,213 DEBUG: Skipping inactivity check for public route [in c:\Users\PC\Desktop\CyberSystem\SchoolApplication\app.py:85]
2025-07-29 08:59:31,282 DEBUG: Checking inactivity for endpoint admin_dashboard [in c:\Users\PC\Desktop\CyberSystem\SchoolApplication\app.py:83]
2025-07-29 08:59:31,285 DEBUG: Last activity: None [in c:\Users\PC\Desktop\CyberSystem\SchoolApplication\app.py:91]
2025-07-29 08:59:31,286 DEBUG: Updated last_activity timestamp [in c:\Users\PC\Desktop\CyberSystem\SchoolApplication\app.py:110]
2025-07-29 08:59:31,455 DEBUG: Checking inactivity for endpoint static [in c:\Users\PC\Desktop\CyberSystem\SchoolApplication\app.py:83]
2025-07-29 08:59:31,458 DEBUG: Skipping inactivity check for public route [in c:\Users\PC\Desktop\CyberSystem\SchoolApplication\app.py:85]
2025-07-29 08:59:57,891 DEBUG: Checking inactivity for endpoint logs_auth [in c:\Users\PC\Desktop\CyberSystem\SchoolApplication\app.py:83]
2025-07-29 08:59:57,895 DEBUG: Skipping inactivity check for public route [in c:\Users\PC\Desktop\CyberSystem\SchoolApplication\app.py:85]
